<?xml version="1.0" encoding="UTF-8"?>
<!-- Generated by org.testng.reporters.JUnitReportReporter -->
<testsuite hostname="DESKTOP-QQPJ55P" failures="0" tests="1" name="Test_Post_01" time="2.154" errors="0" timestamp="2023-03-20T17:09:02 IST" skipped="0">
  <testcase classname="Test_Post_01" name="test_post_01" time="2.154"/>
  <system-out/>
</testsuite> <!-- Test_Post_01 -->
