<?xml version="1.0" encoding="UTF-8"?>
<!-- Generated by org.testng.reporters.JUnitReportReporter -->
<testsuite hostname="DESKTOP-QQPJ55P" failures="0" tests="1" name="Test_002_Class02" time="2.167" errors="0" timestamp="2023-03-17T13:16:00 IST" skipped="0">
  <testcase classname="Test_002_Class02" name="test_1" time="2.167"/>
  <system-out/>
</testsuite> <!-- Test_002_Class02 -->
